consumer grade flower financing
rampaging candy coating acquisition
military grade jellybean operations
international basket user testing
unstable candy purchasing
classified rabbit financing
rampaging scavenger hunt research
consumer grade projectile plastic grass research
colorful egg services
weaponized jellybean laboratory
weaponized candy coating acquisition
radioactive plastic grass department
magnetic dye laboratory
unstable chocolate receiving
rampaging bunny sales
corrosive top secret basket department
magnetic classified plastic grass deployment
weaponized chocolate analysis
cryogenic candy coating development
weaponized candy coating storage
rampaging egg acquisition
biohazardous colorful flower design
biohazardous candy design
biohazardous jellybean department
international jellybean acquisition
top secret flower storage
unstable egg development
biohazardous military grade candy logistics
cryogenic egg workshop
unstable scavenger hunt design
corrosive basket customer service
colorful scavenger hunt design
rampaging dye sales
radioactive dye purchasing
rampaging bunny shipping
magnetic chocolate user testing
consumer grade flower design
weaponized candy training
biohazardous colorful egg workshop
biohazardous radioactive flower containment
military grade bunny laboratory
top secret classified chocolate receiving
radioactive basket logistics
colorful unstable flower management
cryogenic plastic grass financing
radioactive candy coating design
consumer grade bunny research
biohazardous basket management
classified bunny user testing
classified bunny receiving
consumer grade candy coating services
top secret chocolate customer service
top secret candy coating research
magnetic fuzzy chocolate training
top secret plastic grass user testing
biohazardous plastic grass sales
cryogenic rabbit analysis
international jellybean deployment
international plastic grass training
international basket receiving
magnetic scavenger hunt financing
rampaging rabbit services
weaponized egg storage
biohazardous scavenger hunt training
classified basket services
military grade rabbit research
top secret candy reacquisition
fuzzy candy coating research
corrosive scavenger hunt management
biohazardous egg analysis
corrosive candy coating technology
cryogenic rampaging plastic grass technology
radioactive scavenger hunt analysis
international candy coating marketing
colorful chocolate purchasing
magnetic basket workshop
projectile basket design
biohazardous flower services
international flower storage
fuzzy scavenger hunt design
fuzzy jellybean research
fuzzy cryogenic chocolate management
radioactive scavenger hunt services
military grade colorful candy coating development
corrosive egg user testing
corrosive flower analysis
rampaging dye engineering
magnetic flower financing
radioactive plastic grass marketing
weaponized candy coating engineering
top secret flower purchasing
magnetic bunny containment
colorful jellybean marketing
radioactive jellybean marketing
rampaging flower development
corrosive flower sales
biohazardous plastic grass shipping
weaponized chocolate deployment
magnetic bunny storage
unstable egg training
fuzzy candy coating user testing
biohazardous flower engineering
weaponized bunny technology
consumer grade jellybean workshop
cryogenic top secret dye technology
weaponized candy coating customer service
international egg training
weaponized plastic grass acquisition
biohazardous scavenger hunt containment
weaponized bunny logistics
classified egg financing
international chocolate department
projectile plastic grass receiving
classified chocolate user testing
classified jellybean containment
classified basket laboratory
weaponized candy coating containment
classified jellybean department
colorful weaponized basket purchasing
colorful bunny financing
projectile chocolate services
unstable candy coating acquisition
rampaging flower training
corrosive jellybean purchasing
corrosive candy workshop
fuzzy flower containment
top secret basket customer service
magnetic chocolate department
international chocolate technology
international plastic grass department
rampaging bunny development
unstable egg services
corrosive plastic grass laboratory
colorful plastic grass purchasing
international jellybean laboratory
biohazardous plastic grass user testing
biohazardous weaponized chocolate logistics
top secret basket receiving
classified jellybean user testing
rampaging dye containment
military grade scavenger hunt technology
classified rampaging dye department
classified plastic grass laboratory
cryogenic scavenger hunt user testing
unstable candy coating receiving
top secret candy coating management
corrosive rabbit analysis
radioactive bunny user testing
military grade dye reacquisition
international candy coating development
colorful dye operations
rampaging chocolate operations
rampaging candy laboratory
radioactive candy reacquisition
biohazardous dye reacquisition
unstable bunny shipping
top secret dye workshop
international dye design
cryogenic colorful basket purchasing
international chocolate containment
projectile candy research
projectile rabbit analysis
fuzzy scavenger hunt shipping
cryogenic candy research
corrosive plastic grass marketing
top secret egg operations
weaponized scavenger hunt technology
military grade consumer grade plastic grass containment
top secret candy containment
rampaging corrosive egg design
biohazardous basket sales
top secret egg receiving
projectile weaponized candy engineering
projectile chocolate logistics
projectile radioactive rabbit analysis
cryogenic basket training
rampaging plastic grass operations
top secret basket operations
consumer grade basket purchasing
rampaging plastic grass shipping
weaponized candy coating receiving
projectile jellybean reacquisition
military grade basket training
fuzzy basket storage
colorful scavenger hunt storage
corrosive fuzzy rabbit purchasing
fuzzy jellybean development
weaponized dye analysis
rampaging egg logistics
colorful basket purchasing
magnetic rabbit deployment
unstable plastic grass analysis
weaponized magnetic scavenger hunt containment
consumer grade flower training
international jellybean receiving
weaponized candy coating shipping
classified basket design
magnetic colorful chocolate customer service
radioactive chocolate workshop
military grade candy coating shipping
colorful flower user testing
projectile plastic grass research
colorful weaponized basket marketing
corrosive magnetic dye analysis
international candy coating acquisition
colorful chocolate acquisition
colorful candy coating development
magnetic jellybean receiving
rampaging chocolate technology
unstable chocolate marketing
magnetic plastic grass analysis
cryogenic dye management
colorful jellybean technology
top secret egg user testing
biohazardous rabbit sales
rampaging bunny services
projectile unstable bunny financing
unstable rabbit purchasing
fuzzy egg development
rampaging dye logistics
colorful plastic grass department
weaponized flower design
fuzzy plastic grass shipping
cryogenic jellybean user testing
international candy coating training
projectile scavenger hunt development
colorful chocolate logistics
fuzzy scavenger hunt acquisition
corrosive jellybean management
military grade candy sales
biohazardous candy coating management
top secret plastic grass logistics
consumer grade flower research
biohazardous scavenger hunt workshop
weaponized flower services
fuzzy dye receiving
rampaging dye deployment
international magnetic scavenger hunt user testing
biohazardous basket technology
top secret flower services
magnetic basket management
top secret scavenger hunt reacquisition
projectile plastic grass deployment
international chocolate storage
fuzzy dye analysis
rampaging egg management
unstable bunny laboratory
military grade rabbit management
military grade rabbit purchasing
top secret egg shipping
weaponized basket customer service
top secret candy management
biohazardous candy management
fuzzy dye training
radioactive rabbit workshop
corrosive plastic grass research
biohazardous scavenger hunt services
corrosive scavenger hunt storage
colorful dye research
magnetic plastic grass acquisition
military grade chocolate technology
cryogenic plastic grass customer service
colorful flower logistics
top secret rabbit storage
colorful basket training
corrosive bunny technology
radioactive chocolate financing
biohazardous candy storage
biohazardous plastic grass operations
top secret projectile plastic grass financing
rampaging candy design
rampaging jellybean logistics
magnetic dye development
projectile flower analysis
top secret egg purchasing
corrosive rabbit acquisition
magnetic classified candy marketing
international rabbit containment
military grade basket storage
weaponized rabbit services
weaponized basket technology
classified military grade rabbit purchasing
classified projectile egg customer service
magnetic unstable chocolate acquisition
magnetic jellybean training
consumer grade chocolate customer service
consumer grade plastic grass user testing
radioactive rabbit technology
fuzzy chocolate management
projectile scavenger hunt purchasing
international scavenger hunt management
rampaging rabbit operations
biohazardous jellybean acquisition
colorful egg research
biohazardous flower operations
colorful dye logistics
unstable rabbit department
fuzzy dye technology
cryogenic chocolate engineering
colorful dye department
colorful jellybean analysis
projectile bunny research
consumer grade egg customer service
top secret chocolate development
magnetic bunny reacquisition
magnetic flower technology
weaponized rabbit workshop
classified chocolate financing
top secret dye development
classified cryogenic rabbit acquisition
unstable bunny design
cryogenic weaponized candy coating sales
corrosive chocolate operations
biohazardous candy laboratory
classified colorful chocolate training
unstable dye department
classified candy coating receiving
fuzzy bunny logistics
projectile flower management
international jellybean customer service
military grade basket sales
corrosive egg research
international candy coating logistics
radioactive flower marketing
radioactive basket technology
weaponized classified candy operations
international dye operations
fuzzy basket purchasing
colorful rabbit sales
chocolate storage
cryogenic basket user testing
radioactive jellybean logistics
projectile candy coating design
magnetic rabbit engineering
projectile magnetic chocolate training
classified egg design
classified colorful rabbit shipping
projectile plastic grass engineering
weaponized dye marketing
international weaponized candy coating research
corrosive radioactive candy coating management
projectile cryogenic flower workshop
projectile jellybean user testing
biohazardous candy coating containment
cryogenic chocolate management
radioactive plastic grass acquisition
fuzzy scavenger hunt department
fuzzy scavenger hunt analysis
weaponized bunny engineering
top secret candy coating technology
colorful plastic grass acquisition
radioactive flower customer service
top secret plastic grass development
military grade flower sales
projectile dye development
unstable chocolate research
consumer grade scavenger hunt operations
military grade dye financing
international basket financing
corrosive plastic grass receiving
international candy coating research
rampaging jellybean management
corrosive radioactive plastic grass training
radioactive bunny development
fuzzy flower training
projectile bunny receiving
rampaging candy user testing
projectile rabbit management
rampaging rabbit development
unstable egg research
classified candy technology
biohazardous egg training
projectile jellybean technology
military grade flower user testing
projectile dye shipping
cryogenic unstable candy coating user testing
military grade flower department
weaponized candy engineering
magnetic dye technology
international basket operations
fuzzy bunny design
colorful chocolate storage
corrosive flower containment
fuzzy candy shipping
corrosive scavenger hunt reacquisition
unstable chocolate containment
weaponized candy research
top secret bunny deployment
biohazardous rabbit services
rampaging rabbit acquisition
international chocolate development
unstable dye purchasing
rampaging candy coating user testing
classified jellybean storage
fuzzy candy reacquisition
weaponized rabbit design
rampaging scavenger hunt containment
international candy purchasing
projectile egg shipping
rampaging flower laboratory
unstable dye financing
cryogenic scavenger hunt operations
top secret candy technology
international jellybean storage
radioactive chocolate customer service
fuzzy international chocolate acquisition
unstable egg deployment
fuzzy candy user testing
colorful candy coating logistics
radioactive basket design
classified rabbit storage
international egg reacquisition
unstable plastic grass reacquisition
military grade candy shipping
corrosive dye acquisition
fuzzy jellybean receiving
radioactive dye shipping
international projectile egg reacquisition
weaponized candy shipping
magnetic candy analysis
international scavenger hunt logistics
top secret egg storage
fuzzy bunny sales
unstable flower workshop
projectile candy user testing
top secret rabbit analysis
consumer grade basket storage
cryogenic chocolate acquisition
colorful basket user testing
biohazardous basket storage
weaponized dye development
military grade dye training
international candy coating deployment
international flower marketing
military grade basket analysis
cryogenic military grade rabbit receiving
military grade candy management
rampaging military grade candy research
unstable rabbit operations
rampaging chocolate research
international classified jellybean training
fuzzy projectile bunny reacquisition
radioactive plastic grass analysis
top secret egg development
fuzzy dye workshop
projectile scavenger hunt department
international magnetic jellybean customer service
biohazardous scavenger hunt financing
biohazardous flower customer service
military grade candy user testing
military grade basket department
consumer grade chocolate sales
colorful basket technology
international unstable jellybean research
colorful chocolate research
fuzzy bunny workshop
biohazardous dye containment
unstable bunny services
international candy coating containment
biohazardous scavenger hunt department
top secret egg technology
classified dye receiving
radioactive bunny sales
international scavenger hunt training
military grade basket laboratory
top secret candy coating department
magnetic flower laboratory
unstable plastic grass marketing
cryogenic jellybean development
fuzzy plastic grass workshop
fuzzy flower shipping
projectile consumer grade rabbit marketing
classified scavenger hunt deployment
weaponized basket sales
projectile bunny technology
top secret dye logistics
weaponized jellybean shipping
colorful jellybean shipping
radioactive basket receiving
corrosive radioactive bunny logistics
magnetic scavenger hunt reacquisition
top secret rampaging dye development
rampaging chocolate logistics
rampaging dye department
fuzzy scavenger hunt receiving
rampaging consumer grade candy containment
classified dye financing
unstable scavenger hunt shipping
rampaging basket laboratory
cryogenic dye sales
corrosive chocolate purchasing
military grade scavenger hunt receiving
projectile rabbit technology
projectile bunny customer service
corrosive bunny storage
military grade bunny marketing
magnetic bunny engineering
cryogenic plastic grass operations
rampaging flower services
colorful candy coating reacquisition
magnetic flower purchasing
weaponized egg operations
international bunny analysis
rampaging basket services
magnetic biohazardous egg operations
classified fuzzy jellybean management
biohazardous dye marketing
rampaging egg shipping
classified basket training
consumer grade bunny workshop
corrosive candy coating marketing
radioactive bunny laboratory
top secret dye services
international flower customer service
classified chocolate engineering
unstable chocolate logistics
unstable dye laboratory
consumer grade plastic grass storage
rampaging jellybean workshop
military grade dye workshop
weaponized egg services
fuzzy dye sales
consumer grade basket workshop
magnetic rabbit receiving
biohazardous scavenger hunt development
corrosive rabbit purchasing
projectile candy coating receiving
biohazardous top secret bunny analysis
cryogenic rabbit management
fuzzy jellybean technology
radioactive chocolate acquisition
classified chocolate shipping
colorful jellybean design
weaponized flower workshop
weaponized egg financing
magnetic basket reacquisition
unstable scavenger hunt storage
rampaging candy sales
unstable egg technology
colorful egg shipping
international bunny training
fuzzy chocolate receiving
cryogenic rabbit workshop
colorful flower laboratory
radioactive military grade jellybean deployment
corrosive rabbit operations
biohazardous flower acquisition
magnetic bunny receiving
classified weaponized plastic grass logistics
biohazardous plastic grass financing
projectile egg development
fuzzy candy coating acquisition
projectile chocolate receiving
international radioactive egg acquisition
top secret chocolate financing
classified rabbit logistics
top secret dye purchasing
projectile bunny shipping
top secret rabbit user testing
consumer grade basket development
international rabbit laboratory
corrosive jellybean logistics
radioactive candy coating services
magnetic egg receiving
consumer grade scavenger hunt design
magnetic flower shipping
projectile candy deployment
rampaging scavenger hunt management
fuzzy bunny financing
rampaging jellybean receiving
weaponized candy storage
fuzzy rabbit customer service
corrosive dye containment
classified rabbit management
rampaging egg training
magnetic basket engineering
unstable egg financing
rampaging basket workshop
projectile rabbit design
unstable chocolate reacquisition
corrosive dye management
corrosive plastic grass technology
unstable candy coating analysis
consumer grade dye services
fuzzy candy coating engineering
candy coating analysis
fuzzy jellybean marketing
cryogenic basket design
cryogenic military grade scavenger hunt design
cryogenic dye development
fuzzy projectile basket design
top secret candy shipping
unstable egg reacquisition
consumer grade egg financing
biohazardous plastic grass storage
weaponized egg containment
top secret bunny training
fuzzy bunny user testing
classified candy storage
biohazardous basket purchasing
international rabbit purchasing
unstable scavenger hunt logistics
unstable candy coating department
corrosive cryogenic flower development
weaponized scavenger hunt receiving
cryogenic plastic grass reacquisition
corrosive rabbit user testing
weaponized rabbit storage
biohazardous chocolate marketing
classified egg training
radioactive egg management
radioactive candy engineering
rampaging jellybean customer service
military grade candy marketing
fuzzy plastic grass reacquisition
classified jellybean management
military grade cryogenic flower design
consumer grade dye training
international flower user testing
colorful rabbit logistics
classified bunny engineering
classified egg user testing
weaponized flower sales
international basket customer service
top secret dye research
military grade unstable bunny operations
military grade basket containment
rampaging egg sales
unstable chocolate services
fuzzy egg marketing
rampaging candy coating training
weaponized bunny workshop
military grade jellybean marketing
magnetic jellybean design
fuzzy egg management
top secret bunny research
military grade basket financing
projectile plastic grass customer service
cryogenic scavenger hunt acquisition
weaponized rabbit marketing
unstable jellybean training
corrosive candy training
unstable basket department
classified plastic grass deployment
consumer grade egg analysis
rampaging scavenger hunt marketing
magnetic basket logistics
rampaging corrosive candy coating sales
corrosive egg operations
international bunny purchasing
military grade projectile scavenger hunt user testing
biohazardous chocolate department
weaponized rabbit financing
projectile dye deployment
colorful plastic grass services
military grade plastic grass training
classified rabbit reacquisition
radioactive candy coating purchasing
classified dye department
military grade bunny research
radioactive magnetic chocolate training
magnetic dye sales
international chocolate workshop
colorful candy laboratory
corrosive scavenger hunt laboratory
weaponized flower purchasing
fuzzy candy coating services
rampaging dye technology
corrosive radioactive dye training
colorful chocolate sales
radioactive egg shipping
classified plastic grass user testing
cryogenic classified dye deployment
magnetic dye reacquisition
military grade candy operations
international dye acquisition
fuzzy flower user testing
consumer grade rabbit user testing
corrosive rabbit reacquisition
classified flower analysis
consumer grade rabbit analysis
rampaging fuzzy plastic grass development
classified flower acquisition
biohazardous candy services
projectile bunny services
weaponized scavenger hunt user testing
classified chocolate marketing
radioactive jellybean analysis
biohazardous dye technology
magnetic candy containment
colorful bunny marketing
classified top secret chocolate deployment
cryogenic bunny research
colorful bunny sales
cryogenic dye storage
cryogenic scavenger hunt logistics
radioactive chocolate design
top secret international dye sales
radioactive chocolate management
consumer grade dye logistics
fuzzy dye containment
colorful candy coating management
top secret scavenger hunt development
consumer grade basket logistics
colorful dye laboratory
fuzzy plastic grass acquisition
classified candy analysis
rampaging egg services
biohazardous chocolate training
unstable bunny research
colorful rabbit analysis
unstable dye sales
biohazardous scavenger hunt logistics
unstable candy coating laboratory
radioactive jellybean user testing
colorful candy development
classified bunny design
top secret chocolate laboratory
corrosive jellybean research
fuzzy candy coating deployment
fuzzy rabbit workshop
magnetic basket sales
unstable egg engineering
fuzzy candy containment
projectile flower financing
military grade scavenger hunt deployment
rampaging plastic grass design
cryogenic biohazardous jellybean reacquisition
weaponized scavenger hunt acquisition
radioactive candy shipping
corrosive rabbit workshop
magnetic flower design
radioactive plastic grass storage
military grade rabbit workshop
military grade candy coating deployment
colorful egg financing
cryogenic plastic grass shipping
classified candy coating shipping
unstable rabbit user testing
weaponized jellybean department
cryogenic bunny deployment
rampaging bunny workshop
corrosive rabbit design
cryogenic chocolate design
weaponized egg management
biohazardous candy coating marketing
unstable candy financing
classified candy coating workshop
unstable jellybean engineering
radioactive candy coating acquisition
radioactive chocolate shipping
classified flower engineering
weaponized scavenger hunt customer service
military grade flower analysis
radioactive plastic grass logistics
weaponized jellybean customer service
cryogenic candy coating user testing
radioactive candy coating laboratory
rampaging plastic grass acquisition
weaponized scavenger hunt storage
projectile egg purchasing
international chocolate operations
cryogenic chocolate research
magnetic scavenger hunt technology
fuzzy unstable candy user testing
colorful rabbit technology
unstable flower research
rampaging bunny purchasing
classified candy coating containment
cryogenic plastic grass technology
magnetic candy coating operations
weaponized plastic grass department
top secret biohazardous rabbit storage
radioactive jellybean storage
magnetic egg department
corrosive flower acquisition
military grade jellybean services
military grade chocolate user testing
colorful radioactive candy shipping
classified basket research
cryogenic egg customer service
international egg operations
unstable candy coating sales
top secret dye receiving
weaponized candy purchasing
rampaging flower analysis
biohazardous chocolate deployment
projectile scavenger hunt operations
projectile flower operations
corrosive basket design
unstable bunny containment
rampaging flower design
corrosive jellybean shipping
fuzzy candy logistics
unstable candy coating financing
military grade jellybean analysis
corrosive scavenger hunt shipping
unstable rabbit management
fuzzy jellybean training
fuzzy flower operations
international candy coating financing
international bunny acquisition
fuzzy scavenger hunt deployment
biohazardous basket laboratory
radioactive candy coating marketing
rampaging flower deployment
unstable candy coating design
colorful top secret jellybean logistics
weaponized flower operations
weaponized scavenger hunt marketing
classified rabbit engineering
military grade egg services
projectile candy technology
colorful basket engineering
projectile egg services
corrosive bunny shipping
colorful chocolate training
colorful dye storage
fuzzy egg engineering
classified flower workshop
corrosive flower shipping
consumer grade bunny technology
rampaging flower management
military grade rabbit design
unstable scavenger hunt management
rampaging plastic grass management
classified candy coating logistics
magnetic corrosive egg logistics
cryogenic basket purchasing
projectile plastic grass logistics
projectile egg user testing
projectile candy financing
corrosive fuzzy chocolate storage
cryogenic plastic grass design
top secret chocolate technology
top secret basket financing
rampaging egg containment
colorful plastic grass containment
fuzzy rabbit user testing
cryogenic plastic grass receiving
fuzzy unstable candy coating receiving
corrosive candy department
classified international rabbit shipping
unstable dye receiving
colorful basket operations
fuzzy jellybean analysis
rampaging jellybean user testing
radioactive bunny deployment
top secret basket storage
unstable basket marketing
fuzzy candy storage
colorful candy storage
radioactive magnetic dye receiving
military grade bunny department
consumer grade scavenger hunt research
consumer grade flower operations
top secret flower sales
magnetic dye design
cryogenic candy acquisition
rampaging candy customer service
radioactive bunny financing
top secret scavenger hunt engineering
weaponized flower acquisition
military grade rabbit receiving
classified scavenger hunt services
radioactive jellybean technology
projectile candy coating containment
radioactive candy coating development
magnetic consumer grade flower containment
cryogenic candy coating analysis
unstable projectile chocolate analysis
rampaging candy coating marketing
consumer grade jellybean storage
corrosive candy coating acquisition
fuzzy egg department
corrosive flower technology
corrosive egg financing
unstable chocolate department
cryogenic basket storage
rampaging bunny customer service
cryogenic chocolate operations
fuzzy jellybean financing
weaponized candy containment
classified jellybean technology
biohazardous jellybean laboratory
consumer grade bunny laboratory
top secret jellybean logistics
weaponized chocolate receiving
cryogenic scavenger hunt training
radioactive bunny workshop
top secret dye deployment
projectile candy logistics
projectile candy purchasing
magnetic candy coating department
military grade cryogenic dye financing
military grade cryogenic egg sales
international flower technology
weaponized flower financing
classified rabbit analysis
corrosive scavenger hunt operations
colorful flower analysis
projectile flower department
biohazardous scavenger hunt storage
weaponized jellybean analysis
projectile plastic grass department
rampaging basket logistics
fuzzy military grade candy development
consumer grade fuzzy rabbit services
military grade rabbit logistics
classified plastic grass logistics
consumer grade candy coating engineering
consumer grade plastic grass logistics
radioactive bunny customer service
weaponized scavenger hunt logistics
classified colorful basket operations
cryogenic bunny operations
biohazardous jellybean services
cryogenic rabbit reacquisition
magnetic rabbit research
unstable cryogenic egg logistics
classified plastic grass customer service
magnetic bunny workshop
top secret rabbit engineering
fuzzy chocolate containment
unstable plastic grass workshop
chocolate customer service
projectile corrosive basket acquisition
cryogenic dye laboratory
biohazardous weaponized basket shipping
cryogenic jellybean storage
international chocolate training
consumer grade chocolate training
international egg analysis
projectile flower laboratory
cryogenic bunny receiving
projectile candy coating storage
international basket engineering
unstable flower development
military grade candy coating technology
corrosive classified plastic grass operations
classified candy coating deployment
colorful egg engineering
projectile dye user testing
military grade candy customer service
weaponized candy coating technology
classified bunny workshop
fuzzy egg reacquisition
northpole object storage
classified dye research
weaponized flower department
corrosive candy containment
consumer grade basket services
radioactive fuzzy jellybean acquisition
top secret scavenger hunt purchasing
unstable top secret dye development
cryogenic candy coating training
classified bunny shipping
projectile rabbit user testing
corrosive rabbit shipping
consumer grade biohazardous candy coating shipping
colorful dye deployment
magnetic basket operations
corrosive chocolate reacquisition
colorful basket design
fuzzy jellybean operations
military grade egg acquisition
top secret basket marketing
classified rabbit user testing
weaponized bunny acquisition
projectile dye analysis
rampaging basket research
classified bunny storage
radioactive flower development
unstable plastic grass engineering
unstable jellybean operations
rampaging jellybean technology
unstable candy coating reacquisition
rampaging scavenger hunt logistics
top secret rabbit sales
egg training
corrosive jellybean deployment
classified military grade flower containment
weaponized basket user testing
top secret jellybean shipping
top secret bunny services
consumer grade basket operations
radioactive basket sales
projectile rabbit operations
corrosive bunny development
cryogenic basket workshop
cryogenic bunny department
rampaging chocolate acquisition
unstable rabbit financing
unstable jellybean deployment
weaponized rabbit deployment
corrosive candy operations
colorful scavenger hunt operations
international plastic grass operations
magnetic egg management
radioactive top secret basket storage
colorful egg storage
weaponized egg receiving
international chocolate design
rampaging bunny logistics
projectile chocolate sales
international bunny operations
fuzzy plastic grass marketing
consumer grade egg research
cryogenic top secret basket receiving
biohazardous scavenger hunt analysis
weaponized rabbit laboratory
radioactive chocolate storage
consumer grade rabbit shipping
cryogenic chocolate technology
rampaging classified chocolate financing
radioactive candy department
fuzzy unstable egg purchasing
corrosive egg development
corrosive candy coating receiving
unstable flower operations
rampaging bunny analysis
classified candy coating financing
weaponized plastic grass marketing
classified unstable plastic grass laboratory
classified flower laboratory
rampaging bunny acquisition
military grade weaponized flower sales
fuzzy scavenger hunt services
biohazardous bunny deployment
consumer grade flower engineering
fuzzy flower receiving
fuzzy bunny customer service
biohazardous rabbit logistics
biohazardous candy coating services
radioactive bunny acquisition
international rabbit design
international bunny technology
international chocolate deployment
top secret dye marketing
international scavenger hunt containment
radioactive dye financing
magnetic jellybean storage
military grade egg receiving
colorful plastic grass logistics
consumer grade candy workshop
colorful chocolate reacquisition
cryogenic chocolate customer service
projectile bunny marketing
unstable egg marketing
top secret basket sales
corrosive scavenger hunt sales
military grade candy coating development
corrosive plastic grass design
unstable rabbit laboratory
biohazardous bunny services
classified jellybean research
biohazardous basket research
colorful scavenger hunt engineering
classified candy deployment
classified top secret rabbit workshop
unstable scavenger hunt purchasing
military grade scavenger hunt design
cryogenic bunny analysis
international candy laboratory
unstable bunny workshop
international candy shipping
158835
