emzopymywhhxulxuctj[dwwvkzhoigmbmnf]nxgbgfwqvrypqxppyq[qozsihnhpztcrpbdc]rnhnakmrdcowatw[rhvchmzmyfxlolwe]uysecbspabtauvmixa
ihekzgbwpjxgbau[eqpvqxncntbtsqn]mbtbcujdkbrhxdu
qwfvuzrogqzvnhyqdv[qhnjhafmrtghosbmskc]msmwswtgzlpmtmzne[kovzhefjqtqadhj]myqisirynftmtzvxvvz
rwcjoknjvyufkrp[hsqrwhdlwrtlthp]ijezyezjdrhzgltliq
pqzbwlnmvtytsfre[pmtmcnxkylmqaeb]alfdaofnqpohulpmfoj
qlykdpnioshrexuw[tjwoswemjxylnqupgv]ymovhecbliuuzhjwu[ghxibaaourtzzogrynv]hmlndovkousrtbomlnz[nzkdpmqrqovnvskh]vdvntntzrqrhvcaxdov
gelrpwfiyiszejt[skpclwjhzgwvfbbd]ibwzelwwhvudmvoe[gpdveubkzkkxvtjn]khmkjslnkdlmefcx[fcwhuyiyvnjgfcva]qjcfuqxwmkyvvzuj
ewvtreckmjqvkvwgtz[leisttvtmrxnzjv]bfzzponjsjmepqjfs[knbonuuuhvtvteiov]vaejlijsnrpqppo[hvwwdxernqcxtxe]ssznbkhfmchmjjiahkk
uqmllifxqxwcskoj[lwrjkmxgwxwvkqrsajx]wpbkbsohlaeskzbv[boyvlwxpqpppcknocv]pgsvgtugmxmoexrvpkk
zupunwchccxqggie[sdcdhzciymhppyaaaib]izbizcvzvbcnofmqt[lvvxmcmydxruvudsar]gnspfiadqokusllygyw[wbcpnuppeugrqobtnu]mcvfhylypayxquurcv
ngscsmmvttxjxoaniu[wsfnnfnkwmjxjql]ijtqswaevexzcmgime
qyncschbsnqwgvfu[cscsfdcfbfqiwgwqi]pqzbontuospgycwzqn
nmciqyaovpdwzldwt[zoaowvxkrpfuwnyepcb]yhqlmmrxxvguuajawb[rmilfmqzokaeabc]yhmswnsiyrepbudi
jpgkrbovswsjnbcj[bjybzimnzszdkqj]mvwmgdithrxecpselt[kghbhnctqnhhxxhdro]drttsuyvtuuygdtfaf[zohajxyfyjnqrigq]gadarjzfafqxsjxk
nxrvrsbjsrysysvftoo[qowwnvlezexjyynm]nknzluizyzjpbzpevb[adkqviapkjbmknchtb]xsgtthuifmsqidyh
ejrplkjjbnjjouesaph[bdtybzkfyictcjuagr]ivtcttyunertnzgmpqv[roikukeznmtkqomqbk]lsxzsjrnsrdlxevj
zludmyuqlfpefvxcm[hejpyhwaqdndtwslan]ldtxkxxtegoqpntsnwg[olhtlkpvkdgkkxkisp]hursraavetjgloks
lrnqnaxtavkhwfebb[vwyqnqkveujnlzv]coizhrfmviizxgz[zklqinvtnwtajyjx]nxvpznyebozrosfgh
fjsepwfaxbbsdxlcz[efiljmecvcsybpj]fsvcvvewoepnvqz
shfhzsmqdeibrwgyr[slyyksjeywcnuaocadr]kdwnsokrwkajgnwi[zsfujtkhknplyieg]kijuvumdqvjyjpbhl[qyrlzloooajylfrsfk]gwqdkfpitiitrednt
uplsbqledimexhzwnkk[sfreaeitecravsu]exfxqlrumxaeasi
laiyueskjnlltkwm[lzrgjwrjchpmnais]pqltpskalrwtmtagvm[luctnpiuqvulmtmw]awlqbuutunlbpusn[hdetxhrtzhkyfktmfn]qpmezabxzrtquidbjc
syxfjuakhrnntipfpb[xmntswflflstndkv]lityfpfignnxsyirja
bhbndmsnnbhspzjby[llodpdecwrlspsbhbhm]zqulqmxwcerescalp
laswazcejcxyzcocca[utnlyecffzypkiocowm]nievutnusvrsixk
sypyjddvabqnknl[zfoknkriiqmevubru]rcxkbkzngjzzcchl
hjrxkkrrutrkmsiax[zwsclcwdqaukxxwmbgk]jjvxzyshctodfeeonp[eklzpyupurxmcvgndo]neaovsspupkhdclbo
caxoesrhrghfcyunxkf[lmalmkbhrhijrvmafw]sdbhqytqtaviurkzi[ozohqgqrkgcbhet]wgwgtjtcfcqzvymnp[zxuhhoxlpsgrfcrejmn]hkopyalfpjzbptgetj
guaouikkjfrtolsug[tzdjiielpgytyhis]gwwwtmdeetytmerjk[sorwxqfcsuhbvecom]wmfmxfovbdjhajcaxyx
pyeiwajmvimttmi[pkvpbhnufrwpwdwy]dwdpuymdrskpgfwp
fjylzurwqfvphvctbn[wtraagycimmpycsbtw]zdolnnawyfkozoduzht[wqccswxyzozewtayycz]zngifgtxacyrwiacyd
mkdselqpwqchnwxgydj[orjtmojhzkuxfbpmxa]udrbphkhzchgiyq[ckkhkoltyjlfzrro]kdyudnkzdsjpvonrw
dhyljzgyamlcdmmz[zdkwfrroodcyfnfie]zkwhzngaidridcagekh[emzeeodcnuvzddnbm]vtwokrqakoovvcdisvm[nzdlsyrpcsicoedyx]rrnfnhgpaeqtlxv
fmynycbkkkiwjllu[iolpwypqrdrnkitax]fwfzssjntanttkkboq[afgwfwvsudpprmpne]fbzhbkoxpxavaskchfq
jcyrspmtzwxqtomkqab[xqivjfrwadfvtfmp]fxkhdbiczckphwhil[ztemqpsvuwhwhfdfip]zxqetcaulofvxrsak
csiarmhcmunsjogtwp[nborrnynefhrgwy]lvsacfkgakkbjyny
hrarppjudvbccxdepdg[ksabupqjypyrwctd]jzmkavpyparwxrivfq
bbfcqaoedfdwphomkh[jnslunmdmvkiyup]gfnnjqweocbybtjdtn
ddxewdmzqrmjcdx[tehlbyapxxetbkp]lkfkrutmzvjsvynmt[aryjfitktobzfnhcxu]rrbqdbzhgjwwnfpkxbx[ggbsnbwuwlduhlfp]bdniebubtcxsubscaad
thxtkuentusmryim[hzgibspwboqacdlwc]clsunqcnrlgldjbsvz[scnclutgijjilirutnn]izdwhvipobyzirg[hliollkyedcuomrwyyq]dpibjmbezvzyspmkgwj
nuiovzzixafjgvl[slswktlejrrsmxujjrk]cjassomselslooj
yovgolzpfuxumuusnu[yzmsckgxuxbcfhpovdi]ydcgpjfgjgstljbkc[jnxpktvohnxeoett]wijsttknnkaxhyx
paxcryjinpwgadnzgdn[pedljgwehinbuvueies]wykembvekyliivgd[mjonnndjrswlfvlo]vuanwryeqmmovavhf[pouuyesundysqaxzciv]itixbjpcioinvfkh
ybjllzyznkniidrl[txlisrbknkopgbgutv]rspeuydexyushei
lreoiyjedxzdyhdnlde[levshlupfrkvdfdeav]ehfmfwbetbsduiudzr[uoxbgzrwlqkbkcwo]wjlwlixknhzeuyw
pirttznzezsktas[ogefjszaezeqipdhy]tfzgyjkulhtyuhnvf
kxyvrtcpdqieyro[wnvmnmiobotxsispv]qyvdfrfhxkjuqwdtw[qolhrtzasgthtplihxg]gfjpittpnbsymvnotyj[znwgxnufnotguzwgwxd]rdmgzgfprxmavttnoz
slmxqaktxwfpfgrqv[ekjhbymdpfpiqvm]zybjhwobkrylohor[xflqcdxcgvqpzzdd]txshvtkbijbkbnsh
elmexemdeoaajpjhu[kilercdwmwidrkpx]pvyefsmytxvaxuzsq[xyyhrtmwtglmcqik]spnsavadaexrodemqbq[wzzqmadwqbqbuvdxpmv]tuvloljoyhrqccyd
tznoyelqlffpalatbs[cmtlsjviihyavtxz]lphzihbzjykeuhuzpg[xqfwolpahmfquhuh]rpqawvkxodxmvfhswz
tlchnjfxtkubrlta[rsqsxplnikmqxsyhyoq]xcytyjjduledlzhuh[qudvljyfmodytzaw]hspqkfbkjtsvcwpl[ptfjakjrpvqcqcuhmf]inxwobxnnzfirnvgmmr
sunhpdrgrjztzvkxnl[mtztitboyfmtysqeqzl]unugkiwrweincocilom
hswgnfwswhyngohhyvo[vamsrkcpvakzvbsvls]ehqrevmxiccgfsq[pffckymkoredwdpcmx]vjdjsrqxttbfjqf
obtckokgcgcwbtyww[gxpfdpaggfbadjvdo]trethfifqwrfexv[uiucztyublzgcky]msapdqrbpbwxkoeuidi
jjjryxfwjklxrkhhcxu[gwwrmyzrpjmjtmfl]fvjaxkdviibxaodo[csagiwfbhogtnpixzc]miorozrdmimmefh
mnrnbytuhhsxrzgz[nzdxekogduhxbpipobg]ydgjseiypncodnm[oylueeldnmgcwmqhq]svqllgtwmhshzqaxf
oadivwkprasfyitu[yygivqpjckczybxrq]bezhtnyscekflpszt[eqvoapqpfnmwddehqbe]mnkqjstlvogsipe[vmcrcaytblgxyarcrx]nwvjubzclcaxtdmgl
xoxquvrpgiiopvepjd[xakbfdhgtdrxixz]uuidqssmeiardumqppv[ewdkbrnwbodzzyb]kuyvmhqxititvvmf
ujuuypsguepvtqiurq[psgjujogkcbqrtrr]ckjvvhzookepzzwyuye
ezpxycrcxzxycllpyc[stdgybwrxfzewkqqvzx]sxivpekfrrrqlfhg[nolxlfvwwqvkhou]psuyhkfiyohkogwfmt[zxwiqmslanvyrquhqa]fereljocexswrvs
tjzqnocojjzktgk[omlfecncaondrqrvwyw]dxwuwvsdiehvzqmafo[ihbhwnmxkbkypmum]enkexramnrjguwuxq
cvgevjryjbmodqfw[jskismdjblbsjgmhilp]xhjlblnepxqayxpw[pmifrcxnxmadetumwm]lvjmmbceghwqdmk
gsnvneyjuacyhipd[aglvnvpawajzbbgk]ptnrpilavksgzjyyo
mlcynvuzmmcgoqkft[fkeqzbjanvjoieooecy]muvosxtjytdkhuh[gsdxscdehocmajsnhn]kvqitwpizpjwzmeb[kpnyyoozocsxurfl]obfvxcgoavxoiyy
mzyzoemluwoovah[bydwxptnmzqxdqfgdgk]hekhqzpgilidwvpey[ouhnrujqyhnlilh]qjarvqynycolakyiu[wzeffbptmwixrmr]bowqsnjgurjpkuc
svkoyidvkhkvock[htgrjltotuunrwka]uqyezwkltzsjtaysa[tqaaskeswcllblpnozj]yizblbkqgvblvqghvk
indbphvhghzxsuy[izgrijghgwhcooc]gkaqbcpwwiyfwmv[xxlzhbqmxquoawq]gbazvlthqbviupchz
qofufmkbljfygwxym[egvtczslvioufuzsyk]uscakosnjpjbcrggach[gnyghyvmgirmwolh]rotkdpwevcsipnxjokp
sfqhncgimlzgjqs[vsudwekhrjuwjgig]fwkpceyrznigiwq
iniemtnmqwdmxvpicqn[drdrbflsylzhzltq]orjcjdsbzijkfwhdhz[mrfovzdsugacpyvlaj]azjikxjuaszxpapss
qkioxzfrxxwbcddg[iecvjowpxnrevqrhl]qxpciafqndxasahsvoo[adfpiuoapzqsasajd]lduzndmefgsvzzdpmcg
hbxhlyelfyszkzyc[cdxcsyocdiifefpytl]wxefesokgwwvcrp
ieqarqlveeycgazb[azjmtbkbixtazbcv]xroiknhtlbefpgh[xnhgnpluemfqqkxg]okbkpxswfoikufwzazc
oujirnbrjgnlqaksps[lphfkzalpspyhuxf]kuscphbgysuwhwyhot
ecwhdlfufxxytti[tjpmriwkymqufurtux]kvcdcihmfxydmxb
xzbhnrzyvfvbrodi[kikpaqjccdhwfmjps]tqeliktvbjjnbpxwtq[jqjvumyqcjodqippp]ufaxyqyvdhjxccwbsfe[pxiqyqpvccnocmbinr]fqjralzkdemnowygd
afwslsdmylslwvekv[ngnsirjimcteduhmbia]utirtwchbjinjtkp[xtdywavaenpcexfi]fsxuipobvivhpowgioh
dwwceyrsaqrhiadehmw[bushvhvxdeznysxjr]hnrekmeoxifqrsq[ynfaykimagehxbcxhka]ucdpjqxgcyyhvhobmdj[ywcjwcveqtzgqkzx]poruhxqfxuyhgqog
mcxpgupgbiznbdjjfzn[nxackwalqammtynl]qnrwciginnlyfxiyiv[hvovgilkgigolcolf]fyqfptzmgmzbgkh
kwzvwimdnfngglsqk[tvhytletnpwmogdq]zjndivdpftqyecxhnyi[iiqioqsyphxjxdy]diyppzzxximnlgyhzh[ylyboefbsjwjkkxbar]fuvxtvpoyomnkwjwsg
ixacedvqlzvneoqus[zmgeugtrxuidpdtzzn]besixpupznfgvqelwxq
ausrpqkpblrplbq[pzqlirofwbtvjvoua]yljvwgnjvjehsyjd
dmreexcoqmzxelfjeib[zaghgfbihozktuebhb]vdwkqxzetddhhbhhyd[smjdjtmnswvdeuyt]noyncdtfrtokngqld
veeytotjubsezxvh[mlbakwdftkyfbpid]qehdyxzxctrdvvmpil[cfnhvbvjkuqwyzgie]wxbvbxibaqoefhzkimu[vcdhqkaxllbdmbuxowp]ifrawmsqulaizxxqytk
pbwglxgdiijskqrksnc[xryasmfvaqakaovslr]wslyywaninmrddik[uhieoolqnqxdmmltpyp]sgjoghttawugzcwzstd[zwhohshbhultyyoti]anvjcthgqapmftxhe
cqpwfhfmgioybwsq[judebliwtcirgrtjcs]zrprctntnwcrszilkws[qwoaitshrtavmpse]zubuyfygpgdycnytnt[ctkvsrkjluwdqeeyku]ksncsilzwvkwtmn
kruylpszzrkzbfxbmk[thxwtofeyjsijenmom]gjblnnkhejpqdomos[xjfzkxpgfltzzfdby]fnbkcvyhwtwmvpykj
qwlzyfwnqvxylbttyy[idtjcszoblpujfkf]nbwtcwowujbgzsz[mqckgqkhmbzpwtuekcf]xyquvnuptbiwlqdn[gwgdvbsouphvvovkg]buqxksahwsgvruovojo
ibypwndwhrbzbowoa[wyrgxqcbqoqayqkf]rlnhzutwptjhfwrsme[cfpmzztsrhtdcgy]tdvricsznenkyphwzt
jyhxxfrgrdjjsorsgu[uxzaififwgjnklvj]uehxdiantcneqrxeqi[nigrgktauzcpyazs]fjyinlukaspltshmhlh[mfvrnccglqfrdbk]qrmbqjtcccjrsrdmgs
fawvrgcdqdidogtfu[yidikecuyabulhiia]fxfmgcpdbdzdsfkm
yjateqpywpcjcbo[xddnertejcjeedjulw]humaqnneeeynnpp
mmybfuxiqgljxdih[dzgfakmxryeoylimdqp]vizjwwrhnihcakb[njplrxabbturflf]qclfldtmazmigmd
ubhofoouxcmdsqqkjbv[fdvdmyjaukqeuaassk]tjajanohfobuhgih[dfscfkxpzwoqobajau]aspwsctdasjdjnqbmt
ftkqjwepfbngstefaji[ekaiaqtwacopwxfcf]deswaixrljslcqc[nqwlvvuuziefvrd]pgfvwqsqxeqamxsjjw[zispeamntwboenxygcp]cwdhurmclfnjjjwjygh
hlzqtzrmmgkudvsaxn[wnujyposfazclkutfq]yugpiuxxydkbjtqd[bxeuhvpdnzqzvrtynq]nqcwrvbzjijfjkmq[gviaheipjpncyxq]thgypvingfouyrdexu
jniltxvpjudmaao[ukqflhglxrfpfjg]djvtunwwabljjdirgrj[zkfyhzxkarvjfrbzbhx]zrrzbzubefvchvrpftc
zyfesoxeyyvugukolxq[sduqoqepedvxiaojef]ujbihfjhwwrxjbmjzwo[fjbbqkruyeexkrk]fyjhwioedesstjkw[nyhqlxexvrlglwcqbi]zgxdbhdcqgccgodx
nmtqqwclrkwlikw[drthkxkyfxqugph]bbneldbvtittaydbgag[vviulwoviezlxte]oqzoapkqstfdxbxm[bmhsjxwoxtflbqeo]hnsldpfruxcdnvz
xrkijlvluezxevaye[erofwbtsylzfvyrersj]bkvnbppereymraau
dbsuuitjdsiymhek[jgxxnjjzwgwirdlgwg]xwlvqyufgiwbwyfhqn[yywjhwiwijsuhlarpxv]zmpooqvlrrnwdfhsheg[piwaxxvwgzbbruij]izqwldwwjvrxmzuj
rvoblfajodmlbftahtv[dgglfidheitvcqob]uzvojeukksuthhlpyoc[ovnskmuaaxulloi]wqhxsjbtaqbgjpbw[ohmzmzpqzevicbzmtk]yjrbmkldmwmmcndia
rnsgsacbysmwnhlqjps[hmjfyywxcpxwsicxit]rnikgavmgagtsoqjnfp[qvcofkevjqjqhiqhzek]vlhfbggnwqwohspyig[ibsdkevufgsnowonkj]ufazmdkexffmxxfwf
ahnbwmiwwwivkykv[pcsiuyrowqrqfxcvw]mgksjiinoudrumr[ocwtmprzvamougd]lvqqlgaftlflllvqo[akvkgazplkkvqshgbk]zvyvtmxkttxnxxdy
bbduqlqjpilanyikfb[iwngaxahwxongrgf]krgrarolzgmzdtj[mbsttcbkbedkcmbl]whecpxbvhuemjloxkcq[lrtaeothcehqsmbes]chuesxuwklohzrvgjkh
xxkbizhzxvqxbecadt[omafffruievwfqocujp]zpuotjhjwsdbsxteza[otcdtybhkqhjhvjjz]zjrkvtevohcfvlvq[yjdkpxspyojxstjkv]fbccdkbjrebcrxyrg
ofaeegcqivqrmtz[nyotqurllbitpijzdz]pdlsomnmdsbfhdzdh
cauxikrtpgqgwydmagf[nrnvqarumgmthrf]xyyopmoyoampemafwe[jwjgmglxphjkvfg]oxltiecspkarhualt
owccdxohulgarvvxx[pbbuwbbkrgqlhxa]lqbqozlyegslpxvr[arduobjtbducuoiwykm]tfziqcucaqjcfrc
rvdcduthikkjrfx[oxwihjkewocfvjpq]wtpoobflhevxjuwnqr[ltfcdcjnkkfetnor]obpzfslqfunurzhpr
ihikssgoutovoropq[nitrordhoxvqfbjfc]lxnjmoufkqnxizdcthn
njpfvxluupsvtbenq[cgenluehtxacymtm]onnngstsltmtobh[jkjpmbsumgmtkbyg]uvsefrirmvsuiff
qerjjnnafocowost[axrfofdityutyzgv]acicnljrpsxzlcg[dhslugmdfaxclhrdecs]ekxnsbqhlxcfuron
wwwyfmlxivfqcmnwtw[kaeymickhvsdlqkfuqc]dyzktnegiqbohljysa[qmnzkoqxsgtpattmt]oxxczwgodhiecoyp[swszkqetvvgdctkhyxo]qrjhaothcmyajmpy
fwfviekoibnqhpis[esurgsppgqchztm]vaxsbcgtqipiemvreaw[ytkxlxyzfifrxgmbggv]tygxkuusmptxqyl[lpuxifizetrlbsefado]rbykxursrelvgiilrai
yfxqriltoucrnfnj[zlvarepakboasju]bhpvqvllpphryccbjz[gilhjdjlsinanvhhe]rkypfwnsrmshanawlb
kybnjsgrfnckxytl[obtlaqusuhkyeswu]vhaghsusagftgzxz[ganwwupndegfgxbckde]ncgnimjtllrpmajya[dmzimljmhjkbyozpmk]ygyhjeeexzqadcdyhf
zbtonkedeacrlltqnl[qlssupkhjptzbbru]nroemsymerldlshy[anmlmugxtrgypsvkgs]wfagpjfzgqcdhslmlnf
ttowopleauigqfzpuws[rwaipjqlxeajbszmt]ewurrgikabumnsg[hqhoudrdngplyncdoq]jvazavwibnayzbkmei[yfeaerzswqrhjiiqbb]khsqzfojtdimvcgsxuv
meyjysyguijkyen[vjyhsmvoyoppjknvivn]yuyroikrroyknlkgfn
yrbljqrlekktwvq[ubrwbmlwxxtxnwa]ekompfyzprhialu[rdglmpamldxxxsgpmwk]atazfgcgkzbjydvf[sjdezkpgsienutudx]zuxyrrwpglvstutp
bzkfxruybgbjsmeflp[ubqugccjulkryeh]yaldnucjnxhktrgf[jamlgglyzdlaidp]dsvhuxerhecwhjslfk[yibicfmmkiugttqi]byyytkpsforwainomd
hfvhjwieruryoqk[qrtlruplpqjtwpuhhoa]ddbsdfqczwrmnrpm[hjjqrsppkjnvxmjq]juvwgpsglqllqhrc
mldqsgldkmerpwqlg[thmshstolghijyjy]xzhkcpjyjuydgxjm
fgpjujczabbtkxwvfd[cicmceziihzlkcwdwhr]sicifccwrljuhteondz[qwtxzkpzaspfynin]scyjunafukgggpc
usfdjspdmrsmwotku[phpquxkrbrefnesvoig]vbrbyhzjjueflzur
jdpqymeesiieeeb[iwrygkpzdjttxuz]qqrbobabyedbigesuh[tmfkwpopdgcfuydhukb]mzldoxgjdeckpdvu[obojbnmmlhdwsman]nssaclvkjwmoozuissi
cjikxgbzdupqnoq[khvayknbckfnohcbc]gjsqdwbzsjnwjblbe
sknizlycschmfbcbo[glptboptcwtmwmyj]hmgkwtwaifrmzxhee[dxxxiulybtkhkstynq]mjntafrkgppmgisnz
ixkfvfumxiagjybsn[frwibevmaiibyzd]qzqfzepjziatdpyqmr[onsezbgebekxybzzqzw]yqotbtwhsuxraexdfes[sqyxxukeslhogqaftl]kpqsxbeawasfnbwm
qzarsgfojoaqkzb[jiuvvyihogymomqddqs]ekacrjmxsudjuvjd[dkfjwxmpbviqeuiotlu]tpmzbyfqhelgtpic[xcankncgcyaixxcuaj]jsieyimscyfvaeduf
epqisdvjvcpyxcwxuu[hhdspwfhkosxunncv]iibgrkioklsoktfp[kjvjytinytggjurws]oekjstnakyoohller
fcicsnaoileyhlta[ivnthhpicibzhtyfaf]agaffazyjidivabel[zprfefitivfahmsx]jxfvpjrbftgokdclnw[vfmlrayxecyduau]dkuaarmbkuqqjuva
vzdkvwtqbqsgxenb[dfrsswrrxxxlpxpgp]lheiqkpbahpgjtvax[lbfhfdztehvveioipoj]xkpbfwdxvkcndrbfgya[qvewltgemzljlokhjxi]bufpvhmvhrndnkmjsjr
mynfnfbjlwljwoqbenl[wnuganfnmpqrgcdxvn]kpcfvfegyibrhoeouiv[tmquruuijoivdluhc]lnspgmbphvhxlcw[slrraibkhqkaupb]vxwczoqsrepmgzz
tcxjcacxysuimczi[uhflafmjntxmsaf]uexrhinqroupcbksrsj[nocrykejeuzzigkyqxx]crwdvpjofxynwft[fmxkcqrsrpdfxscabs]crbnlnzoihruuilu
fsfgewroujqwaek[mryrrkeqgtpibzn]vlmavzfvsadxbdiph[tdlovgncglhaoqafic]ziupjyryletstrull
nmezigjskmagkzcsyhb[rfrggycsxoxxnxrhyb]zjlrnpgxzgljzfw[ztdnrdocidkgbqmmqa]hnuqryossbzlfaivij[dkaufcpwgzsxztpqsk]tzkdznvnizjtbrnqosj
zcdfhyoyrbwonet[otdhxcbmwxzgoyoo]kbkvqasgmhmuynqth
hueffzriwkhilam[zheswsymmryugjawlxy]rptwswnecdpsdjujnt[rjyipvpqzbnvtugvi]xkicvyasotmrxvqj
sbryyigqipvwczxty[ypjxmlzyfjkfqxyxibv]ktqvnmbdtykqyiu
tkpkdqijrxmpddkkau[yljmixrzauogowt]yngihfgazktusprrt[ggqtnksekzzypkpud]rxvvuhfakfcxjieaa[spuvyobjexcgobltmk]radfcjxnsgsntezrerl
lgcudszwvsooaxhuz[wpnexmkikdsfquxleu]icefstmmxwsrzqoiki
rihnsvwngkabincos[hrafbjoluwrkoaqb]genyvelnsrwqpljgdf[ytnarqybnwaeawssx]bdhppadoofmwwbcbl[acnqxbqukongbge]tptnvsrcborwgumweyb
vhkrlicuffddtktngy[opctcwvtlypwglpaoi]iscxtzlmlkjdgty[xadnwdasnszzmwwid]uijlqxpfgkkcmwga[ykqorpoxpbjkepibk]dmuojdumobwfmkvqg
rxgukabwlgxzaxjxch[ljrblzdmvcwcxdoomq]ksidvuwcwvwlvrpe[yrnyjokakcbwdxh]nertnqwigrzbtdmj[gxbsdsdmishqjeswt]dsgnhlagonywspbr
jjdfvvurvfljscocvr[ueywpzuumfihiocoe]lmcrxdlkqsouhpimc
hxvziijhffbzjnjvgoc[sealjvjgnjnkzac]neuhdwcgtjcvpku
egbqexgeqnqsaxdi[xghkrttlbmkxgfj]rpulxldvweijplm[dldqxbqxenksncnwhxo]steqcncxfskqcfwfnbm
zszqqoahkvdvpezddea[defewzqptytvhnpzcdu]cxuavzeyqysdynnr[gvmfnqnjwrjrjzphei]pelrqmmykeiamnh[jrjqavultdjecnghoc]ekxawogufyfdmltveqf
morsvbgrpgqiqeplgg[giswwkjoxkgkbonav]lyhrrcwskwjjflawgs[ogjazoccoomohhalb]gjnkzumbxtojtud
mbdpghflpcondfk[ftzfdsbexmnznqqmfaa]xznzgqjdfkmjzvwni
cpmzhwxdntahvhl[diddnwirsnqchwr]etsizyoarkawzrpfidi
xrruvcmbmigmutacwc[owhorlqlgqujvhos]iddgaukpxlielcko[gawcwcvuviuohmda]bfdceclnseehdeyxv
opeacxklhjwcefmwrwg[mzqwxyfltfqyepcgnym]cpziqpjettzcnktrqi[mbnwwhyxebbececc]tdkduejetkrqwoxrsoq[ncenzwgjnekbobv]yxhgzizqxwaihedda
zfduowqkrccccgggmbl[iwwfgrhmjxgljwqf]cminvjjyetivkvhvkdy[ismlcjjywxxvaehvhhm]eojlvocbfkftjkapzs
smseegsurmfktgmefhw[paopyayrwykwdvcjjhp]byayaatpurrllyzd
mvgbtjdigbhhywarz[pfrhqtizabthnqrvvw]azdztfkkfizbxsy[jozzjtzkscklmdt]ucnptpblgcgmkeojpl[nqsybfqdphdncqgigis]yecpixjgagdgkbz
wwkqbdcmlkfwxwdu[firsfuftyxwxpcicu]cntzxuydyjkgkkfvdl
ixrzwptyltfshve[xwlsfazypzeuauxpozt]nwfgkbpuxeauadrgbbm
aqnavkllyitzewgs[cbbqmbtgufuvcun]iugpkakfufksfitigk[lyqiierbjucxbvaux]szbwsttayzipkcdb
rphybwiwiszwkkxm[waiaqtuthjgfgag]ttlnqhzfagaregyo
unsmoewlzxuguuwu[dyqsnohyqcommmmov]jipyewobyjdzkgkgo[yphyanakgkgvybsx]pjtzynsvtltzzajc[iweuafprefmbuekk]rwelzzbkbqjwjrw
mlozzkwmfcrdlvns[wsdduzxzfvlvldpjvgg]ywqncwocnslofij[sakivxaniergaouc]nzmhdlkxeiehdpuok[zfwtadjlizjcauurkq]vlvtdicnyhseqbeo
lljnuuistrsmsjazzy[vccsskujvdwxypuk]jhqjqhfatmuedugl[hufmsmgjutabctabusw]zcoiiovxkxtualjx[zdxdbmbibryrqaubxy]tyayojdxepcpmwi
zursgksbdkuzemouhl[sekbvoxwlmumyrdh]yxafewnovnxivyp[ajjditfeeocipuvdl]ygsuxuhtqervumd
bzagcsgcadoffot[demvhzpdjthrniiuvj]nwwrkguuemsdtvspi[sququtlqggtpszucm]pqaqqxpssdgniycn[lkdwrbxkrkiqdxjc]bqngsdxlxxvxdvqww
vfkpxnrqufijmniu[wnwtwpmgtjonykmcsp]mhehavmuivmxhdelxa[spyybveheykroybw]bfzudojcjhzckbac
nccuyvrhzyszqnw[ogdgzsefffyfoenfh]jnqnhnyoyrcnrowjmpv[wmlihztaoyedgkg]vneeegnosrxphish[uwrmezbsmqbxjpx]jgfoinwzlhyixzjzv
kriqecrnaeujvuzw[lruowheuwnintaqqxcl]kcopdidcqinihhmk
fyfpxellnptlqfxvdn[hpopfkwhgcbjoze]sopowsrtqgbpysjfz
qenbpbnrikfrnwpq[nmkndzwogcgtzhm]zhuslfffixielmjaqpb[dtmldnpqizrcbxixto]wpspaoprebgbksq
vnrsujzctbuqnbu[glgsyfmfeuoloohqp]ybhziayoqxsbopf[vtwnbpqxhgsfguztg]xhgvtoqwouusyahedc[zcchxnllferklyt]avgtwloloznygrb
ozsnpcdvkykxguzltcp[caargzwxildtwswp]capkmhbfpfmdegigg[sigilgehfnfxlza]trtpmbccrrkpggioz
jbtzwsypehgrmzeg[gwskjuqbwedzxfcehr]xpkfcuejevonsinxs[upnrxgjqhohlyeyp]dsyhrudzqsibolxnvw
hmdflkjbenjynzdmeqj[ybyntwgyyptizunn]ctijqxbybwarmfzpit
wnczxavmjnfgogv[oyjxcsvrrgtpkponga]gzhjlzgxxjkoklgm[hsrwppehbugkcap]zayfyoqorpxefqenxc[apojyrhryhfnmksa]uwnuxprqfxnkzkhnbji
qrwefbcelgjgpzoe[aedkjvzurwcrhdimb]eaxqgpvkewmjynmek[nmfyhryoglbtdgq]dfnecedmtcrkfyq[omndbxvzczgnojpl]trcocwxxczcxrvjjce
jwfyweiiqvjfkvp[gsmzrlbjdpgqtbjakw]oofharmppecdotcw[dencjxxfrzxbuku]ygflsusvcrcdznc[fmcercvqncnxcbbwcrn]lkxshvdqjairdnnpz
feushnbxghbeqsu[utnmthhouoazgbym]jmplltesvrbrllei
ijwbtaksbikedfm[gjckpcivddahwkp]kubvhiqvktkkijchj[qocdkdejflyyzwukfrh]qlnixtictiubnfhvv[ygbwjbjxtvfevjug]dclcjonutlwyqaxx
ccxuwxzdxtfwbpie[shhongtetcwukjbre]nufocpasneteinfkk
srtfcyyruyxzxum[ygeoeyfnlufgsjxjm]ifwimooynxbrsxmyk
srookpxqmghokjoegi[lhpppxjenrjqiri]mjlixhnrirctrsupv
xvfraxzgsypwfmswwwu[oyrmndtdginkvlzdid]xgtwrddwmukzxypxl[mcjxgiimlmsnizirzt]gliezwdntsgoxznesl[vwypsvpvcaeyzivjo]zigujupypwjqljxaie
pqpeytynxunxdfyxrmr[krtrvrufaemrmit]kcgnivmpvqoagjmharc[pvkuwynulvvuqkif]mvbbgwnmngtralbe
jjygzflwfyeiecuztx[yrziwmbdidxrjsouxen]bqkyguqcejsvrkn[hzipqxzodrnsozfmta]xvtakmgzpstbsivyt[ieiucrjmzeupsprslje]iquppghgxqhosvjzc
dwprarljcykiecn[wvdjaraappnffzsih]difkjyzhcyzgzjl
jndnuwbhvaciqduyfg[xoeqacufaixieedbtnz]mpkkivmhxwxujcn
tbeqtxhfqbbdrvwn[juqpksgrfsbsqdx]znceqzwqsfrhavmetys[khetxkkpwfmkmlvc]hazxybkgkzrmbtqshz[yavtnkwhxppnqwzwj]hgabdrxubvyvgniz
lybbfxollocxnfxfeba[tvjolzzkenoxfxqrocd]vkgswdtqpilvbixss
dhhvqxovlmkpzsg[loljkdtjkdhgawrpi]ggnnhvbpshpwoloac
lyuydomeinqxrex[gukhcsjakylfwqodm]hdghwpfhnwjtmafqt[lqwtforyrybxbbh]fgyfkgvzyooifxa[kgxkzeuijywgdhuryra]dohlilkbkqzjsbx
vatnmtxixznyvdvt[ftzepafpamiqpjulci]izhqwdhnqpyppuqiv[mjqocpfxdfcgpgmk]yirocnwnrzchhvrbfb
kithfcpkwdhgqjohr[vvpujusooxkdrmbcoo]tuzaiinsycjujjuw[fqdhhizbifrkpjxgyb]rddsmqvmitgdywh
dctfsuzvpvttqpgppw[dnilcstcsxxkvwdsu]zqzgahpihqrhohqdtst[eoaatnenejvvuloknf]xwneniznbkjolnouj[gslnbvbmlwerbwvdti]jovdchklafrsncadr
lpxgexsvlfylfjva[wnzhqafvnbcbcoy]wevgfhsjrkdgvnbta[mvmabgghwicirugb]ctcyjxzknsnpxixkc
jernxnsovguhkpljxce[twgyaawrcpjpnxp]rvjtstsecwlieaeblp[tihicijqmcrggggrjo]igcnuyrhtaooygb[ntscsypsxaeatyj]aslpawlvpctyjzwxhw
mgekjguhkwyfdcse[ydcdycgmcbzvpkesg]yuzqagwvmncdcia
nmbyxmysrbuejutpzn[ruyrvzgagqgybiqsn]atkbnawkdkildlbg[trjlpfbjomgxvvmzowo]gbmfxqgecnzrwowcm
rtiylcxgfuqngjkyny[mgidqfnevlylaukbwts]vcejabirnbonrowlea[cancfhwbwdlklwo]ifsehqpalixvinbsr
rtzslwquokcygmdws[wvblnifrxmomsmdwtx]scpjyfputxvatko[mffinnpsxezowdl]bsmsjqeowsoobewko
pxhlvphiiyocalr[dfhohrjqchpblygac]oqdjtliamyneclgc[pzanjswflkxxwvnzm]qbbuqtxwodofarbbl[kiqrgquowfurmiqlqy]kppecttggvnsuzaarwo
ueyerkamylcyhgszgme[kpqbsxegdljldwjdxgp]afoamkxjljqzpmyef
jfzfzodtrqrrwvlr[ukxwobjdyhtqrqr]qzmrpkkjzqibwekne
niodmrcgcjrihildfw[pmtshihgrssakbouvf]otoaadrggvnzmetmyds
yejkpafozbchconq[chghchxxcybtarwkel]ensiprnejdyegqiiu
gsclugkgowknjfkewxn[pgzgezavhgcfjpi]wttjlezzjwqyyzgzc
qlydmvzjoavamnvot[napvavoknajlvmdd]wbjkbdpjhuhxybgywu[umxthkfbtbevasmekcr]adnybcirbnsyplp
ynmgkfpaiocmkybwkz[ztxveuhtztuioruvqbr]grhetxxldtoepqtm[yrucewbvzbphefuf]idcnnpztztemlywblpm[ltaesuehnzfrsflac]bbarkjzutumhskhf
qclqkkcoimixsiou[psabxyezhvejtdodz]ejzppqfiokslbdzoyo
wccriqkjssvswvpgx[apoeqvsvtniwgbt]wfrmnudgajwhkcy
jfxpcnpdgytwhkfb[kdrqmtogtlmxqmv]auuyjbertdteoho[tdendgogvoevpnevzdx]eicpvtgotdkcgwbd[ygcvethlzayahhialf]kytibwtgzhuvvsjw
drhgljhvyonmqzkr[ohxhjhvlrpodxwy]mrrhedvtgdxjhjv[golpxgauowhwdoov]rdmuwnfurqwssgth[atspndhxuuhzadog]qgdswxcwwahqnpx
baddrprmgewtmypxsp[yahwshbkzattrry]tjjmawkirxcxcpkbdr[kcptwlmozcgjszalueb]msxrkbrbcfnflgnqe[amwmeanfnbrpznz]jkkxzruebylcrqkvyvk
yjnumjjyewzjnakmnhv[ulycnyiyvszhifgscjr]xheytyiiyilswfhqywd[jxrndqsxmwcrpwrfu]jquhfnyxudasmomnpx
repltebkzsojvhxy[chzhbjyllumckfluof]lhdibxgatvxzzhzflz
xgangxswvkcjsek[jrvhyhmomvqblucr]mhakwjcqomofhbdt
nofeoaawaeoepwekxty[mgapdpmakihrfzlfvpf]huhzkicazfkvjhgdvsp[eqtuybajdgdthtz]opgdgjzkrfejgawxn[umbakkosxdtfwcfh]dhukvukdwsevvcmt
pygdmdnnbvnjlkacjfz[xwefajgruywjhysd]soepimqfbbhekifv[frdrobvsbwwkcytfv]aszgyodinewnrfdhh[wztqipflzlrwmpxefga]bxviyixobyldmkln
doncjsebymuefbxj[itsfdedfjxzxgvj]wpxzcoaybnzzzxz[hfxwmqbaiyiajiorh]einnvliwbxhjzxx[rkeenlrteubkvgrpmms]qbrpoghwjttgawgstt
tyiexegppbtbxzovpb[yljnqybbavpwbwmvg]unbjhlrkpjrqbxrtpof[bvbfvhvgtawgpydlnn]phdnwsbwbljkqchww[galszmgwroduckhyyqa]wgfbqlipsvntmnspge
kwvkuklbkgbxoyqo[cckuhlseweoukudp]kuvdtzbjeoormufjn
hmyrpjbmwmyzijkbljp[ipbngzbreqoqcisbi]ctdmsssqkgrjxozcx[egmuzsmsaiodyyt]ugjpwtglzvshohbj
wimnreygvgbpvafqrn[froxfavuvgvwirr]avnmgyvkwfnwfgudiks
wmawphvozqxqtmq[qqtumumswsrpsnjug]wejsdbswswrjitmq
pgnoazapsklgvmejjr[hjzazneywdxkaki]gfwcgiyhuaovsye
lcaqgsbmhyfmfszya[brvxpxjvmtrdkdmfm]cphjfsilvnsdqmpxob
osawcjcmfchcpgyi[ffwhlengegnjvwqehkm]rvtkttwkeoefydz[cokaihziodpeurmbp]spjznidsrkpqhsoag[mautcyrrmxsnrlw]dastqkwpjbubonqagfx
jctsgqoqjqtodkhvvuu[ylovawrcpwpnzkfp]xtjdibtsmpbidvvdh[mmaecjrzneokajhkzc]wbwaapxadknspjujtp
ouivgjbmmsmiezanss[mltubwnsjkijprjae]dxjbngvqbuzmtnxj[actzjkmbxwewlhmpz]aeweucknsntthwwvkmk
byysjubuacsviouubxd[idvdypsyblnsmvvv]llcmcxizvdvtmksphjf
eirfjumdodlaevcsigl[befivodoxdnhfmqwkxc]qjaeppumixfpezjf
ihfadsstuwooioj[dfqkggnfiplpdcsnmx]ylmhqzhlwtxaxhx[yyqzppjaxhmgnlll]orngviyezsyopwfxmhu[pucykxnzcwdwnjzruf]axfmqcflmrxdldubnca
psehcauaffyyegx[pwkfxlhukfaavgq]pprwkzrtyyghtmsciep[rbobphjpqsmeuvgrjt]vlobomuxuflrqfwjo[nijmtbnuuzplcprb]snfbebpcogbvkwf
eoczaktxgrdpwordn[rbhnrlgckthgxxuzu]htgvsgazuzqpkjoejg
sucrzntdgccanozz[dbyodxkqvfamarbda]iwcomrnnifahrolyhj[lldsewtcmdwovjto]kxnjfljadgqmjmmr[jpceairekkatfdo]loulprskwdwpwupvlow
vrgmsmohxhgyybr[shaciuypkvkjaqoho]dlwfavdhohiruaef[iowdifdsyckgfaixzbi]rbkuyahekeohyxnyxmo
lupajnaqxzgawmnb[zfmybtxebhkalxwfwyt]sknfwfxgdqpbnqebbt
eorazrawyakawjfxdtw[bpyrfrsjhfualcoyfjc]gfgrienuzeifrfvw
wfyklfdesrxsopcnj[otmmdkdasnvomdhef]lpbexhubcjmfwlt[maeuvtcgzoxemnreol]qbwqszxalocdbfbtge[wbvswinrpyzjbfrsr]tinsrsxtrfkizkeu
jfmlobddfxzipyzyaj[qghvghaxzmuhrpifyf]idrqkcfvatwsyom[wncyawwmennmgio]luzaexvwjhxbryah
atowdglgkmbnrvyt[uzgadzquqpggiapdznk]snpqanyoeufutazn
kgojbczgybkjpoz[nyemqsvkokdfxiata]lrstpiuovispfmuoi[jifgmwihkzirfnblzqu]dixnvdkqejtatylghtd
kjvalulqegxybfhx[djfulullrbsebeknl]bcxpgathyauumxcrsmk
wgklxpmeoznyxtukh[nevjkmpvlbaulxjieh]wopqaknwlwjquxt[mxzczmngcaxharjipt]tuvwngrmylububv[ryewaqhshtogggdvc]xpkbqydbwshscjcw
aecvebozlythtcfzt[uisdkrrjeboxpuclbg]sjxcgygpeuirukx[zeoyaxgdyzfkprewiyc]rdlnzpbwgztivpdon[sfcqbpfgffkchksmfjp]yfgrlxiixyurxupuoij
uciiofzqjkhndnzx[hoyxdxfahorycpfcofk]epeazzccheaegyobu[sculkaizijfqcrpjl]nrvfdtpvgoqioomvmv[axmvmzytxnbfcsjf]fccriiwmdaveeyamwp
vwlikshqcpgxqvqshv[izqveivxdxgytqgdk]abnvmprwbvwmrwlkkp[iffpegqsxjwfyvixtwk]iseiapjkgnkcepr[gtfhysdedzxwrhcgt]ktaeihyqegeozdfuz
aieqqwhwfwxpldni[huyxdcvpglqqkeyeia]teztoyeycqohfli[uqvfjzbsvttphqxsy]afsxoqbqvtxtgriuzjm[psumrbbtxdxlwpk]qwpuwevhjellemzp
mgfmdcxibcgzhrfmm[mzvyabccrdzlaiij]arnetejwseofkwqvxi[fylixbrjhxdfhiewbnb]wvndnswxdnbcktp[tetomqdkfmcndddruy]biuxgrvctlbbrqmxjp
whayrxopbtvnpobokn[jfbobalkbfjxcsn]jjucgwedwbcfrdginaf[atdoatealbqhiks]alzapbxuvmivqfgpg[qhzdwsbvcbtlpchem]pxxskedydgisthkatn
tcqhlxasqmbwzuiuirp[kfqoequocdsfwqt]ikhdkpkmeezfzfyyilf[lrorfowgsqkflwauhu]zshoiccvfwohudsmdcr[zohspdmqcdvgagdknr]zabaqgsmrwkrtcuyct
bytcvwxuavajevmde[nhmjatzolmbdfgogup]qpildujniqlnfbmuf[gxpgorlbxpqfsoreuey]hcfyjmkoywueuivrio
dkodbaotlfdaphwzbcc[ldzeemqiovyqjgs]qxibabdusgaistkru[usglloxgycyynmp]aaocvclsocababbzxeg[liaacgfxytuqudp]jvvqsypuoduyhvraak
118 255
